[debug] [2018-09-23T03:38:32.410Z] ----------------------------------------------------------------------
[debug] [2018-09-23T03:38:32.413Z] Command:       /usr/local/bin/node /usr/local/bin/firebase serve
[debug] [2018-09-23T03:38:32.413Z] CLI Version:   4.2.1
[debug] [2018-09-23T03:38:32.413Z] Platform:      darwin
[debug] [2018-09-23T03:38:32.413Z] Node Version:  v8.12.0
[debug] [2018-09-23T03:38:32.414Z] Time:          Sun Sep 23 2018 13:38:32 GMT+1000 (AEST)
[debug] [2018-09-23T03:38:32.414Z] ----------------------------------------------------------------------
[debug] 
[debug] [2018-09-23T03:38:32.429Z] > command requires scopes: ["email","openid","https://www.googleapis.com/auth/cloudplatformprojects.readonly","https://www.googleapis.com/auth/firebase","https://www.googleapis.com/auth/cloud-platform"]
[debug] [2018-09-23T03:38:32.430Z] > authorizing via signed-in user
[debug] [2018-09-23T03:38:32.432Z] > refreshing access token with scopes: ["email","https://www.googleapis.com/auth/cloud-platform","https://www.googleapis.com/auth/cloudplatformprojects.readonly","https://www.googleapis.com/auth/firebase","openid"]
[debug] [2018-09-23T03:38:32.432Z] >>> HTTP REQUEST POST https://www.googleapis.com/oauth2/v3/token  

[debug] [2018-09-23T03:38:32.873Z] <<< HTTP RESPONSE 200
[debug] [2018-09-23T03:38:32.906Z] >>> HTTP REQUEST GET https://admin.firebase.com/v1/projects/sep-2018-f456e  
 
[debug] [2018-09-23T03:38:34.005Z] <<< HTTP RESPONSE 200
[debug] [2018-09-23T03:38:34.006Z] >>> HTTP REQUEST GET https://cloudresourcemanager.googleapis.com/v1/projects/sep-2018-f456e  
 
[debug] [2018-09-23T03:38:35.465Z] <<< HTTP RESPONSE 200
[info] 
[info] === Serving from '/Users/joyceman/VsCode/SEP-Project'...
[info] 
[debug] [2018-09-23T03:38:35.470Z] >>> HTTP REQUEST GET https://mobilesdk-pa.googleapis.com/v1/projects/395954175951/clients/_:getWebAppConfig  
 
[debug] [2018-09-23T03:38:36.583Z] <<< HTTP RESPONSE 200
[info] i  hosting[sep-2018-f456e]: Serving hosting files from: public
[info] ✔  hosting[sep-2018-f456e]: Local server: http://localhost:5000
[debug] [2018-09-23T04:08:44.711Z] ----------------------------------------------------------------------
[debug] [2018-09-23T04:08:44.714Z] Command:       /usr/local/bin/node /usr/local/bin/firebase serve
[debug] [2018-09-23T04:08:44.714Z] CLI Version:   4.2.1
[debug] [2018-09-23T04:08:44.715Z] Platform:      darwin
[debug] [2018-09-23T04:08:44.715Z] Node Version:  v8.12.0
[debug] [2018-09-23T04:08:44.716Z] Time:          Sun Sep 23 2018 14:08:44 GMT+1000 (AEST)
[debug] [2018-09-23T04:08:44.716Z] ----------------------------------------------------------------------
[debug] 
[debug] [2018-09-23T04:08:44.729Z] > command requires scopes: ["email","openid","https://www.googleapis.com/auth/cloudplatformprojects.readonly","https://www.googleapis.com/auth/firebase","https://www.googleapis.com/auth/cloud-platform"]
[debug] [2018-09-23T04:08:44.729Z] > authorizing via signed-in user
[debug] [2018-09-23T04:08:44.732Z] >>> HTTP REQUEST GET https://admin.firebase.com/v1/projects/sep-2018-f456e  
 
[debug] [2018-09-23T04:08:46.134Z] <<< HTTP RESPONSE 200
[debug] [2018-09-23T04:08:46.137Z] >>> HTTP REQUEST GET https://cloudresourcemanager.googleapis.com/v1/projects/sep-2018-f456e  
 
[debug] [2018-09-23T04:08:47.747Z] <<< HTTP RESPONSE 200
[info] 
[info] === Serving from '/Users/joyceman/VsCode/SEP-Project'...
[info] 
[debug] [2018-09-23T04:08:47.751Z] >>> HTTP REQUEST GET https://mobilesdk-pa.googleapis.com/v1/projects/395954175951/clients/_:getWebAppConfig  
 
[debug] [2018-09-23T04:08:48.664Z] <<< HTTP RESPONSE 200
[warn] ⚠  hosting: Port 5000 is not available. Trying another port...
[info] i  hosting[sep-2018-f456e]: Serving hosting files from: public
[info] ✔  hosting[sep-2018-f456e]: Local server: http://localhost:5005
